<?xml version="1.0" encoding="UTF-8"?>
<testng-results ignored="0" total="1" passed="1" failed="0" skipped="0">
  <reporter-output>
  </reporter-output>
  <suite started-at="2020-07-18T09:59:18 IST" name="Default suite" finished-at="2020-07-18T09:59:27 IST" duration-ms="9122">
    <groups>
    </groups>
    <test started-at="2020-07-18T09:59:18 IST" name="Default test" finished-at="2020-07-18T09:59:27 IST" duration-ms="9122">
      <class name="Testng">
        <test-method is-config="true" signature="beforetest()[pri:0, instance:Testng@1a04f701]" started-at="2020-07-18T09:59:18 IST" name="beforetest" finished-at="2020-07-18T09:59:23 IST" duration-ms="5291" status="PASS">
          <reporter-output>
          </reporter-output>
        </test-method> <!-- beforetest -->
        <test-method signature="test()[pri:0, instance:Testng@1a04f701]" started-at="2020-07-18T09:59:23 IST" name="test" finished-at="2020-07-18T09:59:26 IST" duration-ms="2618" status="PASS">
          <reporter-output>
          </reporter-output>
        </test-method> <!-- test -->
        <test-method is-config="true" signature="aftertest()[pri:0, instance:Testng@1a04f701]" started-at="2020-07-18T09:59:26 IST" name="aftertest" finished-at="2020-07-18T09:59:27 IST" duration-ms="1163" status="PASS">
          <reporter-output>
          </reporter-output>
        </test-method> <!-- aftertest -->
      </class> <!-- Testng -->
    </test> <!-- Default test -->
  </suite> <!-- Default suite -->
</testng-results>
